\BOOKMARK [2][]{subsection.0.0.0.1}{\376\377\0001\000.\121\205\133\271}{}% 1
\BOOKMARK [2][]{subsection.0.0.0.2}{\376\377\0002\000.\176\323\147\204\124\214\162\171\160\271}{}% 2
\BOOKMARK [2][]{subsection.0.0.0.3}{\376\377\0004\000.\146\364\145\260}{}% 3
\BOOKMARK [2][]{subsection.0.0.0.4}{\376\377\162\151\164\006\133\146\164\006\213\272\166\204\123\357\213\301\117\052\140\047}{}% 4
\BOOKMARK [2][]{subsection.0.0.0.5}{\376\377\162\151\164\006\164\006\213\272\166\204\220\002\165\050\203\003\126\364\000\040\176\317\121\170\122\233\133\146\166\204\116\367\120\074}{}% 5
\BOOKMARK [-1][]{part.1}{\376\377\173\054\116\000\220\350\122\006\000\040\145\160\133\146}{}% 6
\BOOKMARK [0][]{chapter.1.1}{\376\377\145\160\133\146\142\376\220\127}{part.1}% 7
\BOOKMARK [1][]{section.1.1.1}{\376\377\116\214\230\171\137\017\133\232\164\006}{chapter.1.1}% 8
\BOOKMARK [1][]{section.1.1.2}{\376\377\116\214\230\171\137\017\133\232\164\006\377\010\227\136\145\164\145\160\136\102\377\011}{chapter.1.1}% 9
\BOOKMARK [1][]{section.1.1.3}{\376\377\121\105\122\006\137\305\211\201\147\141\116\366}{chapter.1.1}% 10
\BOOKMARK [1][]{section.1.1.4}{\376\377\147\201\127\120\150\007\174\373}{chapter.1.1}% 11
\BOOKMARK [1][]{section.1.1.5}{\376\377\147\361\127\120\150\007\174\373}{chapter.1.1}% 12
\BOOKMARK [1][]{section.1.1.6}{\376\377\164\003\127\120\150\007\174\373}{chapter.1.1}% 13
\BOOKMARK [1][]{section.1.1.7}{\376\377\164\003\127\120\150\007\116\016\166\364\211\322\127\120\150\007\166\204\217\154\143\142}{chapter.1.1}% 14
\BOOKMARK [1][]{section.1.1.8}{\376\377\127\006\225\045\146\362\176\277\166\204\147\201\127\120\150\007\145\271\172\013}{chapter.1.1}% 15
\BOOKMARK [1][]{section.1.1.9}{\376\377\151\055\127\006}{chapter.1.1}% 16
\BOOKMARK [1][]{section.1.1.10}{\376\377\123\314\146\362\176\277}{chapter.1.1}% 17
\BOOKMARK [1][]{section.1.1.11}{\376\377\131\015\123\330\121\375\145\160}{chapter.1.1}% 18
\BOOKMARK [1][]{section.1.1.12}{\376\377\143\007\145\160\121\375\145\160\377\010\131\015\145\160\377\011}{chapter.1.1}% 19
\BOOKMARK [1][]{section.1.1.13}{\376\377\116\011\211\322\121\375\145\160\377\010\131\015\145\160\377\011}{chapter.1.1}% 20
\BOOKMARK [0][]{chapter.1.2}{\376\377\116\000\121\103\137\256\171\357\122\006}{part.1}% 21
\BOOKMARK [1][]{section.1.2.1}{\376\377\137\256\171\357\122\006\133\374\202\052}{chapter.1.2}% 22
\BOOKMARK [1][]{section.1.2.2}{\376\377\147\201\226\120}{chapter.1.2}% 23
\BOOKMARK [1][]{section.1.2.3}{\376\377\134\017\211\322\153\143\137\046\147\201\226\120}{chapter.1.2}% 24
\BOOKMARK [1][]{section.1.2.4}{\376\377\201\352\161\066\133\371\145\160\136\225}{chapter.1.2}% 25
\BOOKMARK [1][]{section.1.2.5}{\376\377\122\007\176\277\116\016\122\162\176\277}{chapter.1.2}% 26
\BOOKMARK [1][]{section.1.2.6}{\376\377\133\374\145\160}{chapter.1.2}% 27
\BOOKMARK [1][]{section.1.2.7}{\376\377\154\102\133\374\154\325\122\031}{chapter.1.2}% 28
\BOOKMARK [1][]{section.1.2.8}{\376\377\123\315\121\375\145\160\154\102\133\374}{chapter.1.2}% 29
\BOOKMARK [1][]{section.1.2.9}{\376\377\127\372\147\054\122\035\173\111\121\375\145\160}{chapter.1.2}% 30
\BOOKMARK [1][]{section.1.2.10}{\376\377\127\372\147\054\122\035\173\111\121\375\145\160\166\204\133\374\145\160}{chapter.1.2}% 31
\BOOKMARK [1][]{section.1.2.11}{\376\377\133\374\145\160\116\016\121\375\145\160\147\201\120\074}{chapter.1.2}% 32
\BOOKMARK [1][]{section.1.2.12}{\376\377\165\050\147\201\120\074\160\271\170\156\133\232\121\375\145\160\126\376\120\317}{chapter.1.2}% 33
\BOOKMARK [1][]{section.1.2.13}{\376\377\116\000\121\103\121\375\145\160\166\204\137\256\122\006}{chapter.1.2}% 34
\BOOKMARK [1][]{section.1.2.14}{\376\377\116\000\121\103\131\015\124\010\121\375\145\160\154\102\133\374\377\010\224\376\137\017\154\325\122\031\377\011}{chapter.1.2}% 35
\BOOKMARK [1][]{section.1.2.15}{\376\377\154\360\122\322\134\125\137\000}{chapter.1.2}% 36
\BOOKMARK [1][]{section.1.2.16}{\376\377\116\015\133\232\171\357\122\006}{chapter.1.2}% 37
\BOOKMARK [1][]{section.1.2.17}{\376\377\171\357\122\006\210\150}{chapter.1.2}% 38
\BOOKMARK [1][]{section.1.2.18}{\376\377\133\232\171\357\122\006}{chapter.1.2}% 39
\BOOKMARK [1][]{section.1.2.19}{\376\377\162\133\230\177\040\023\203\261\136\003\134\074\121\171\121\154\137\017}{chapter.1.2}% 40
\BOOKMARK [1][]{section.1.2.20}{\376\377\143\142\121\103\171\357\122\006\154\325}{chapter.1.2}% 41
\BOOKMARK [1][]{section.1.2.21}{\376\377\122\006\220\350\171\357\122\006\154\325}{chapter.1.2}% 42
\BOOKMARK [1][]{section.1.2.22}{\376\377\131\032\176\364\164\003\117\123\166\204\117\123\171\357}{chapter.1.2}% 43
\BOOKMARK [1][]{section.1.2.23}{\376\377\116\214\226\066\136\070\174\373\145\160\237\120\153\041\137\256\122\006\145\271\172\013}{chapter.1.2}% 44
\BOOKMARK [1][]{section.1.2.24}{\376\377\116\214\226\066\136\070\174\373\145\160\227\136\237\120\153\041\137\256\122\006\145\271\172\013}{chapter.1.2}% 45
\BOOKMARK [1][]{section.1.2.25}{\376\377\153\143\116\244\121\375\145\160\174\373}{chapter.1.2}% 46
\BOOKMARK [1][]{section.1.2.26}{\376\377\120\205\221\314\123\366\176\247\145\160\377\010\116\011\211\322\377\011}{chapter.1.2}% 47
\BOOKMARK [1][]{section.1.2.27}{\376\377\120\205\221\314\123\366\176\247\145\160\377\010\143\007\145\160\377\011}{chapter.1.2}% 48
\BOOKMARK [1][]{section.1.2.28}{\376\377\120\117\133\374\145\160}{chapter.1.2}% 49
\BOOKMARK [1][]{section.1.2.29}{\376\377\121\150\137\256\122\006}{chapter.1.2}% 50
\BOOKMARK [1][]{section.1.2.30}{\376\377\131\015\124\010\121\375\145\160\166\204\120\117\133\374\000\040\224\376\137\017\154\325\122\031}{chapter.1.2}% 51
\BOOKMARK [1][]{section.1.2.31}{\376\377\121\150\133\374\145\160}{chapter.1.2}% 52
\BOOKMARK [0][]{chapter.1.3}{\376\377\176\277\140\047\116\343\145\160}{part.1}% 53
\BOOKMARK [1][]{section.1.3.1}{\376\377\176\277\140\047\116\343\145\160\133\374\202\052}{chapter.1.3}% 54
\BOOKMARK [1][]{section.1.3.2}{\376\377\167\342\221\317\160\271\116\130}{chapter.1.3}% 55
\BOOKMARK [1][]{section.1.3.3}{\376\377\167\342\221\317\123\311\116\130}{chapter.1.3}% 56
\BOOKMARK [1][]{section.1.3.4}{\376\377\167\342\221\317\123\311\116\130\122\006\221\115\137\213\166\204\121\340\117\125\213\301\146\016}{chapter.1.3}% 57
\BOOKMARK [1][]{section.1.3.5}{\376\377\217\336\176\355\123\311\116\130\166\204\123\026\173\200}{chapter.1.3}% 58
\BOOKMARK [1][]{section.1.3.6}{\376\377\116\011\167\342\167\342\171\357}{chapter.1.3}% 59
\BOOKMARK [1][]{section.1.3.7}{\376\377\153\143\116\244\137\122\116\000\127\372}{chapter.1.3}% 60
\BOOKMARK [1][]{section.1.3.8}{\376\377\176\277\140\047\123\330\143\142}{chapter.1.3}% 61
\BOOKMARK [1][]{section.1.3.9}{\376\377\167\351\226\065}{chapter.1.3}% 62
\BOOKMARK [1][]{section.1.3.10}{\376\377\136\163\227\142\145\313\217\154\123\330\143\142}{chapter.1.3}% 63
\BOOKMARK [1][]{section.1.3.11}{\376\377\136\163\227\142\145\313\217\154\167\351\226\065}{chapter.1.3}% 64
\BOOKMARK [1][]{section.1.3.12}{\376\377\210\114\122\027\137\017}{chapter.1.3}% 65
\BOOKMARK [0][]{chapter.1.4}{\376\377\131\032\121\103\137\256\171\357\122\006}{part.1}% 66
\BOOKMARK [1][]{section.1.4.1}{\376\377\167\342\221\317\166\204\133\374\145\160\000\040\154\102\133\374\154\325\122\031}{chapter.1.4}% 67
\BOOKMARK [1][]{section.1.4.2}{\376\377\145\271\124\021\133\374\145\160}{chapter.1.4}% 68
\BOOKMARK [1][]{section.1.4.3}{\376\377\167\342\221\317\127\072}{chapter.1.4}% 69
\BOOKMARK [1][]{section.1.4.4}{\376\377\147\201\127\120\150\007\116\055\123\125\117\115\167\342\221\317\166\204\120\117\133\374}{chapter.1.4}% 70
\BOOKMARK [1][]{section.1.4.5}{\376\377\147\201\127\120\150\007\116\055\166\204\167\342\221\317\120\117\133\374}{chapter.1.4}% 71
\BOOKMARK [1][]{section.1.4.6}{\376\377\176\277\171\357\122\006}{chapter.1.4}% 72
\BOOKMARK [1][]{section.1.4.7}{\376\377\150\257\136\246\000\040\150\257\136\246\133\232\164\006}{chapter.1.4}% 73
\BOOKMARK [0][]{chapter.1.5}{\376\377\213\241\173\227\162\151\164\006}{part.1}% 74
\BOOKMARK [1][]{section.1.5.1}{\376\377\213\241\173\227\162\151\164\006\133\374\202\052}{chapter.1.5}% 75
\BOOKMARK [1][]{section.1.5.2}{\376\377\000M\000a\000t\000l\000a\000b\177\026\172\013\127\372\170\100}{chapter.1.5}% 76
\BOOKMARK [1][]{section.1.5.3}{\376\377\137\071\174\047\143\057\133\120\123\327\217\353\217\320\122\250\166\204\173\200\123\125\145\160\120\074\213\241\173\227}{chapter.1.5}% 77
\BOOKMARK [-1][]{part.2}{\376\377\173\054\116\214\220\350\122\006\000\040\122\233\133\146}{}% 78
\BOOKMARK [0][]{chapter.2.1}{\376\377\215\050\160\271}{part.2}% 79
\BOOKMARK [1][]{section.2.1.1}{\376\377\117\115\177\156\167\342\221\317\000\040\000\040\117\115\171\373}{chapter.2.1}% 80
\BOOKMARK [1][]{section.2.1.2}{\376\377\220\037\136\246\000\040\122\240\220\037\136\246\377\010\116\000\176\364\377\011}{chapter.2.1}% 81
\BOOKMARK [1][]{section.2.1.3}{\376\377\220\037\136\246\000\040\122\240\220\037\136\246}{chapter.2.1}% 82
\BOOKMARK [1][]{section.2.1.4}{\376\377\123\000\220\037\127\006\124\150\217\320\122\250\166\204\220\037\136\246\377\010\121\340\117\125\154\325\377\011}{chapter.2.1}% 83
\BOOKMARK [1][]{section.2.1.5}{\376\377\123\000\220\037\127\006\124\150\217\320\122\250\166\204\220\037\136\246\377\010\154\102\133\374\154\325\377\011}{chapter.2.1}% 84
\BOOKMARK [1][]{section.2.1.6}{\376\377\123\000\220\037\127\006\124\150\217\320\122\250\166\204\122\240\220\037\136\246\377\010\121\340\117\125\154\325\377\011}{chapter.2.1}% 85
\BOOKMARK [1][]{section.2.1.7}{\376\377\123\000\220\037\127\006\124\150\217\320\122\250\166\204\122\240\220\037\136\246\377\010\154\102\133\374\154\325\377\011}{chapter.2.1}% 86
\BOOKMARK [1][]{section.2.1.8}{\376\377\162\133\230\177\217\320\122\250\133\232\137\213\000\040\140\357\140\047\174\373}{chapter.2.1}% 87
\BOOKMARK [1][]{section.2.1.9}{\376\377\122\237\000\040\122\237\163\207}{chapter.2.1}% 88
\BOOKMARK [1][]{section.2.1.10}{\376\377\122\250\200\375\000\040\122\250\200\375\133\232\164\006\377\010\123\125\116\052\215\050\160\271\377\011}{chapter.2.1}% 89
\BOOKMARK [1][]{section.2.1.11}{\376\377\122\233\127\072\000\040\122\277\200\375}{chapter.2.1}% 90
\BOOKMARK [1][]{section.2.1.12}{\376\377\147\072\150\260\200\375\133\210\140\122\377\010\123\125\116\052\215\050\160\271\377\011}{chapter.2.1}% 91
\BOOKMARK [1][]{section.2.1.13}{\376\377\122\250\221\317\000\040\122\250\221\317\133\232\164\006\377\010\123\125\116\052\215\050\160\271\377\011}{chapter.2.1}% 92
\BOOKMARK [1][]{section.2.1.14}{\376\377\211\322\122\250\221\317\133\232\164\006\000\040\211\322\122\250\221\317\133\210\140\122\377\010\123\125\116\052\215\050\160\271\377\011}{chapter.2.1}% 93
\BOOKMARK [1][]{section.2.1.15}{\376\377\173\200\214\020\143\057\133\120}{chapter.2.1}% 94
\BOOKMARK [1][]{section.2.1.16}{\376\377\123\327\226\073\173\200\214\020\143\057\133\120}{chapter.2.1}% 95
\BOOKMARK [1][]{section.2.1.17}{\376\377\140\357\140\047\122\233}{chapter.2.1}% 96
\BOOKMARK [1][]{section.2.1.18}{\376\377\171\273\137\303\122\233}{chapter.2.1}% 97
\BOOKMARK [1][]{section.2.1.19}{\376\377\171\321\221\314\131\145\122\051\122\233}{chapter.2.1}% 98
\BOOKMARK [1][]{section.2.1.20}{\376\377\127\060\164\003\210\150\227\142\166\204\171\321\221\314\131\145\122\051\122\233}{chapter.2.1}% 99
\BOOKMARK [0][]{chapter.2.2}{\376\377\215\050\160\271\174\373\116\016\122\032\117\123}{part.2}% 100
\BOOKMARK [1][]{section.2.2.1}{\376\377\215\050\137\303\000\040\215\050\137\303\174\373}{chapter.2.2}% 101
\BOOKMARK [1][]{section.2.2.2}{\376\377\116\214\117\123\174\373\176\337}{chapter.2.2}% 102
\BOOKMARK [1][]{section.2.2.3}{\376\377\215\050\160\271\174\373\166\204\122\250\221\317}{chapter.2.2}% 103
\BOOKMARK [1][]{section.2.2.4}{\376\377\122\250\221\317\133\232\164\006\000\040\122\250\221\317\133\210\140\122}{chapter.2.2}% 104
\BOOKMARK [1][]{section.2.2.5}{\376\377\215\050\160\271\174\373\166\204\122\250\200\375\000\040\147\357\134\074\211\177\133\232\164\006}{chapter.2.2}% 105
\BOOKMARK [1][]{section.2.2.6}{\376\377\122\233\167\351}{chapter.2.2}% 106
\BOOKMARK [1][]{section.2.2.7}{\376\377\122\032\117\123\166\204\227\131\122\233\136\163\210\141}{chapter.2.2}% 107
\BOOKMARK [1][]{section.2.2.8}{\376\377\211\322\122\250\221\317}{chapter.2.2}% 108
\BOOKMARK [1][]{section.2.2.9}{\376\377\211\322\122\250\221\317\133\232\164\006\000\040\211\322\122\250\221\317\133\210\140\122}{chapter.2.2}% 109
\BOOKMARK [1][]{section.2.2.10}{\376\377\122\032\117\123\166\204\217\154\122\250\000\040\217\154\122\250\140\357\221\317}{chapter.2.2}% 110
\BOOKMARK [1][]{section.2.2.11}{\376\377\136\070\211\301\121\340\117\125\117\123\166\204\217\154\122\250\140\357\221\317}{chapter.2.2}% 111
\BOOKMARK [1][]{section.2.2.12}{\376\377\122\032\117\123\166\204\217\320\122\250\145\271\172\013}{chapter.2.2}% 112
\BOOKMARK [1][]{section.2.2.13}{\376\377\155\156\122\233}{chapter.2.2}% 113
\BOOKMARK [0][]{chapter.2.3}{\376\377\143\057\122\250\116\016\154\342\122\250}{part.2}% 114
\BOOKMARK [1][]{section.2.3.1}{\376\377\136\163\227\142\154\342\166\204\131\015\145\160\210\150\171\072}{chapter.2.3}% 115
\BOOKMARK [0][]{chapter.2.4}{\376\377\131\051\117\123\217\320\122\250\116\016\116\055\137\303\122\233\127\072}{part.2}% 116
\BOOKMARK [1][]{section.2.4.1}{\376\377\116\007\147\011\137\025\122\233\000\040\137\025\122\233\122\277\200\375}{chapter.2.4}% 117
\BOOKMARK [1][]{section.2.4.2}{\376\377\137\000\146\156\122\322\225\356\230\230}{chapter.2.4}% 118
\BOOKMARK [1][]{section.2.4.3}{\376\377\123\315\137\000\146\156\122\322\225\356\230\230}{chapter.2.4}% 119
\BOOKMARK [1][]{section.2.4.4}{\376\377\177\127\164\137\171\217\145\143\134\004}{chapter.2.4}% 120
\BOOKMARK [1][]{section.2.4.5}{\376\377\137\000\146\156\122\322\173\054\116\000\133\232\137\213\166\204\213\301\146\016}{chapter.2.4}% 121
\BOOKMARK [1][]{section.2.4.6}{\376\377\137\000\146\156\122\322\173\054\116\214\133\232\137\213\166\204\213\301\146\016}{chapter.2.4}% 122
\BOOKMARK [1][]{section.2.4.7}{\376\377\137\000\146\156\122\322\173\054\116\011\133\232\137\213\166\204\213\301\146\016}{chapter.2.4}% 123
\BOOKMARK [1][]{section.2.4.8}{\376\377\153\324\200\020\121\154\137\017}{chapter.2.4}% 124
\BOOKMARK [0][]{chapter.2.5}{\376\377\164\006\213\272\122\233\133\146}{part.2}% 125
\BOOKMARK [1][]{section.2.5.1}{\376\377\142\311\150\074\147\027\145\345\145\271\172\013}{chapter.2.5}% 126
\BOOKMARK [1][]{section.2.5.2}{\376\377\124\310\133\306\230\177\123\237\164\006}{chapter.2.5}% 127
\BOOKMARK [-1][]{part.3}{\376\377\173\054\116\011\220\350\122\006\000\040\121\166\116\326\122\006\121\214\230\204\211\310}{}% 128
\BOOKMARK [0][]{chapter.3.1}{\376\377\145\160\133\146}{part.3}% 129
\BOOKMARK [1][]{section.3.1.1}{\376\377\130\006\145\076\143\222\122\027\176\304\124\010}{chapter.3.1}% 130
\BOOKMARK [1][]{section.3.1.2}{\376\377\226\305\123\357\153\324\210\114\122\027\137\017}{chapter.3.1}% 131
\BOOKMARK [1][]{section.3.1.3}{\376\377\000\040\121\375\145\160}{chapter.3.1}% 132
\BOOKMARK [1][]{section.3.1.4}{\376\377\232\330\145\257\122\006\136\003\377\010\153\143\140\001\122\006\136\003\377\011}{chapter.3.1}% 133
\BOOKMARK [1][]{section.3.1.5}{\376\377\145\143\136\246\000\040\145\143\136\246\133\232\164\006}{chapter.3.1}% 134
\BOOKMARK [1][]{section.3.1.6}{\376\377\147\361\127\120\150\007\174\373\116\055\166\204\142\311\146\156\142\311\145\257\145\271\172\013}{chapter.3.1}% 135
\BOOKMARK [1][]{section.3.1.7}{\376\377\164\003\127\120\150\007\174\373\116\055\166\204\150\257\136\246\145\143\136\246\145\313\136\246\123\312\142\311\146\156\142\311\145\257\173\227\173\046}{chapter.3.1}% 136
\BOOKMARK [1][]{section.3.1.8}{\376\377\122\322\213\251\137\267\131\032\230\171\137\017\166\204\165\037\142\020\121\375\145\160}{chapter.3.1}% 137
\BOOKMARK [1][]{section.3.1.9}{\376\377\164\003\214\020\121\375\145\160}{chapter.3.1}% 138
\BOOKMARK [1][]{section.3.1.10}{\376\377\215\035\215\133\134\024\121\375\145\160}{chapter.3.1}% 139
\BOOKMARK [1][]{section.3.1.11}{\376\377\164\003\215\035\130\136\134\024\121\375\145\160}{chapter.3.1}% 140
\BOOKMARK [1][]{section.3.1.12}{\376\377\120\205\221\314\123\366\123\330\143\142\377\010\143\007\145\160\377\011}{chapter.3.1}% 141
\BOOKMARK [1][]{section.3.1.13}{\376\377\171\273\145\143\120\205\221\314\123\366\123\330\143\142}{chapter.3.1}% 142
\BOOKMARK [1][]{section.3.1.14}{\376\377\213\301\146\016\225\355\124\010\146\362\227\142\166\204\154\325\124\021\221\317\227\142\171\357\122\006\116\072\226\366}{chapter.3.1}% 143
\BOOKMARK [1][]{section.3.1.15}{\376\377\136\163\127\107\120\074\166\204\116\015\170\156\133\232\136\246}{chapter.3.1}% 144
\BOOKMARK [0][]{chapter.3.2}{\376\377\164\006\213\272\122\233\133\146}{part.3}% 145
\BOOKMARK [1][]{section.3.2.1}{\376\377\176\317\121\170\122\233\133\146\173\024\213\260}{chapter.3.2}% 146
\BOOKMARK [0][]{chapter.3.3}{\376\377\165\065\122\250\122\233\133\146}{part.3}% 147
\BOOKMARK [1][]{section.3.3.1}{\376\377\165\065\155\101}{chapter.3.3}% 148
\BOOKMARK [1][]{section.3.3.2}{\376\377\165\065\203\167\133\210\140\122\000\040\165\065\155\101\217\336\176\355\140\047\145\271\172\013}{chapter.3.3}% 149
\BOOKMARK [1][]{section.3.3.3}{\376\377\000L\000C\000\040\143\057\203\141\165\065\215\357}{chapter.3.3}% 150
\BOOKMARK [1][]{section.3.3.4}{\376\377\153\324\131\145\204\050\117\020\134\024\133\232\137\213}{chapter.3.3}% 151
\BOOKMARK [1][]{section.3.3.5}{\376\377\155\033\117\046\121\171\122\233}{chapter.3.3}% 152
\BOOKMARK [1][]{section.3.3.6}{\376\377\170\301\127\072\166\204\200\375\221\317}{chapter.3.3}% 153
\BOOKMARK [1][]{section.3.3.7}{\376\377\170\301\220\032\221\317\166\204\133\232\116\111}{chapter.3.3}% 154
\BOOKMARK [1][]{section.3.3.8}{\376\377\170\301\145\313\153\324\000\040\000\040\163\273\134\024\170\301\133\120}{chapter.3.3}% 155
\BOOKMARK [1][]{section.3.3.9}{\376\377\133\211\127\371\122\233}{chapter.3.3}% 156
\BOOKMARK [1][]{section.3.3.10}{\376\377\170\301\127\072\116\055\225\355\124\010\165\065\155\101\166\204\124\010\122\233}{chapter.3.3}% 157
\BOOKMARK [1][]{section.3.3.11}{\376\377\225\355\124\010\165\065\155\101\127\050\170\301\127\072\116\055\166\204\122\233\167\351}{chapter.3.3}% 158
\BOOKMARK [1][]{section.3.3.12}{\376\377\165\065\170\301\127\072\166\204\122\250\221\317\133\210\140\122\000\040\000\040\122\250\221\317\155\101\133\306\136\246\137\040\221\317}{chapter.3.3}% 159
\BOOKMARK [1][]{section.3.3.13}{\376\377\165\065\127\072\166\204\232\330\145\257\133\232\164\006}{chapter.3.3}% 160
\BOOKMARK [1][]{section.3.3.14}{\376\377\154\325\142\311\173\054\165\065\170\301\141\037\136\224\133\232\137\213}{chapter.3.3}% 161
\BOOKMARK [1][]{section.3.3.15}{\376\377\165\065\170\301\127\072\166\204\200\375\221\317\133\210\140\122\000\040\127\141\123\160\136\367\167\342\221\317}{chapter.3.3}% 162
\BOOKMARK [1][]{section.3.3.16}{\376\377\227\136\237\120\153\041\116\245\131\306\227\015\121\171\145\271\172\013\000\040\143\250\217\337\122\277}{chapter.3.3}% 163
\BOOKMARK [1][]{section.3.3.17}{\376\377\165\065\127\072\154\342\122\250\145\271\172\013}{chapter.3.3}% 164
\BOOKMARK [1][]{section.3.3.18}{\376\377\116\313\215\050\116\055\166\204\154\342\122\250\145\271\172\013}{chapter.3.3}% 165
\BOOKMARK [1][]{section.3.3.19}{\376\377\203\362\155\205\134\024\121\154\137\017}{chapter.3.3}% 166
\BOOKMARK [1][]{section.3.3.20}{\376\377\166\322\116\055\166\204\165\065\170\301\154\342}{chapter.3.3}% 167
\BOOKMARK [1][]{section.3.3.21}{\376\377\142\311\150\074\147\027\145\345\165\065\170\301\122\277}{chapter.3.3}% 168
\BOOKMARK [0][]{chapter.3.4}{\376\377\221\317\133\120\122\233\133\146}{part.3}% 169
\BOOKMARK [1][]{section.3.4.1}{\376\377\123\237\133\120\123\125\117\115}{chapter.3.4}% 170
\BOOKMARK [1][]{section.3.4.2}{\376\377\165\065\133\120\217\150\220\123\116\016\121\103\175\040\124\150\147\037\210\150}{chapter.3.4}% 171
\BOOKMARK [1][]{section.3.4.3}{\376\377\163\273\134\024\123\237\133\120\152\041\127\213}{chapter.3.4}% 172
\BOOKMARK [1][]{section.3.4.4}{\376\377\174\173\154\042\123\237\133\120\166\204\176\246\123\026\215\050\221\317}{chapter.3.4}% 173
\BOOKMARK [1][]{section.3.4.5}{\376\377\136\267\146\156\230\177\145\143\134\004}{chapter.3.4}% 174
\BOOKMARK [1][]{section.3.4.6}{\376\377\151\202\163\207\155\101\133\306\136\246}{chapter.3.4}% 175
\BOOKMARK [1][]{section.3.4.7}{\376\377\200\375\221\317\137\122\116\000\123\026}{chapter.3.4}% 176
\BOOKMARK [1][]{section.3.4.8}{\376\377\154\042\123\237\133\120\127\372\140\001\166\204\154\342\121\375\145\160}{chapter.3.4}% 177
\BOOKMARK [1][]{section.3.4.9}{\376\377\173\227\173\046\133\371\146\023\116\016\121\161\124\014\147\054\137\201\121\375\145\160}{chapter.3.4}% 178
\BOOKMARK [1][]{section.3.4.10}{\376\377\173\227\173\046\166\204\167\351\226\065\210\150\171\072}{chapter.3.4}% 179
\BOOKMARK [1][]{section.3.4.11}{\376\377\145\340\226\120\155\361\122\277\226\061}{chapter.3.4}% 180
\BOOKMARK [1][]{section.3.4.12}{\376\377\147\011\226\120\155\361\164\003\122\277\226\061}{chapter.3.4}% 181
\BOOKMARK [1][]{section.3.4.13}{\376\377\123\107\226\115\173\227\173\046}{chapter.3.4}% 182
\BOOKMARK [1][]{section.3.4.14}{\376\377\173\200\214\020\143\057\133\120\377\010\123\107\226\115\173\227\173\046\377\011}{chapter.3.4}% 183
\BOOKMARK [1][]{section.3.4.15}{\376\377\173\200\214\020\143\057\133\120\123\107\226\115\173\227\173\046\137\122\116\000\123\026}{chapter.3.4}% 184
\BOOKMARK [1][]{section.3.4.16}{\376\377\173\200\214\020\143\057\133\120\123\107\226\115\173\227\173\046\137\122\116\000\123\026}{chapter.3.4}% 185
\BOOKMARK [1][]{section.3.4.17}{\376\377\173\200\214\020\143\057\133\120\377\010\176\247\145\160\377\011}{chapter.3.4}% 186
\BOOKMARK [1][]{section.3.4.18}{\376\377\232\330\145\257\154\342\123\005}{chapter.3.4}% 187
\BOOKMARK [1][]{section.3.4.19}{\376\377\217\150\220\123\211\322\122\250\221\317}{chapter.3.4}% 188
\BOOKMARK [1][]{section.3.4.20}{\376\377\217\150\220\123\211\322\122\250\221\317\123\107\226\115\173\227\173\046\137\122\116\000\123\026}{chapter.3.4}% 189
\BOOKMARK [1][]{section.3.4.21}{\376\377\201\352\145\313\211\322\122\250\221\317}{chapter.3.4}% 190
\BOOKMARK [1][]{section.3.4.22}{\376\377\166\364\171\357\172\172\225\364}{chapter.3.4}% 191
\BOOKMARK [1][]{section.3.4.23}{\376\377\211\322\122\250\221\317\122\240\154\325}{chapter.3.4}% 192
\BOOKMARK [1][]{section.3.4.24}{\376\377\164\003\127\120\150\007\124\214\147\361\127\120\150\007\116\055\166\204\137\204\124\021\145\271\172\013}{chapter.3.4}% 193
\BOOKMARK [1][]{section.3.4.25}{\376\377\145\160\120\074\211\343\205\233\133\232\214\024\145\271\172\013}{chapter.3.4}% 194
\BOOKMARK [1][]{section.3.4.26}{\376\377\154\042\123\237\133\120\166\204\154\342\121\375\145\160}{chapter.3.4}% 195
\BOOKMARK [1][]{section.3.4.27}{\376\377\124\053\145\366\137\256\142\160\164\006\213\272}{chapter.3.4}% 196
\BOOKMARK [1][]{section.3.4.28}{\376\377\121\340\171\315\124\053\145\366\137\256\142\160}{chapter.3.4}% 197
\BOOKMARK [1][]{section.3.4.29}{\376\377\124\053\217\336\176\355\140\001\166\204\137\256\142\160\164\006\213\272}{chapter.3.4}% 198
\BOOKMARK [1][]{section.3.4.30}{\376\377\221\317\133\120\145\143\134\004\000\040\122\006\154\342\134\125\137\000}{chapter.3.4}% 199
\BOOKMARK [1][]{section.3.4.31}{\376\377\154\342\140\151\217\321\117\074\377\010\145\143\134\004\377\011}{chapter.3.4}% 200
\BOOKMARK [0][]{chapter.3.5}{\376\377\160\355\133\146\116\016\176\337\213\241\122\233\133\146}{part.3}% 201
\BOOKMARK [1][]{section.3.5.1}{\376\377\176\337\213\241\122\233\133\146\121\154\137\017\131\047\121\150}{chapter.3.5}% 202
\BOOKMARK [1][]{section.3.5.2}{\376\377\122\006\133\120\136\163\127\107\170\260\130\301\145\160}{chapter.3.5}% 203
\BOOKMARK [1][]{section.3.5.3}{\376\377\166\370\172\172\225\364}{chapter.3.5}% 204
\BOOKMARK [1][]{section.3.5.4}{\376\377\164\006\140\363\154\024\117\123\166\204\162\266\140\001\133\306\136\246\377\010\166\370\172\172\225\364\377\011}{chapter.3.5}% 205
\BOOKMARK [1][]{section.3.5.5}{\376\377\164\006\140\363\154\024\117\123\123\125\174\222\133\120\200\375\176\247\133\306\136\246}{chapter.3.5}% 206
\BOOKMARK [1][]{section.3.5.6}{\376\377\164\006\140\363\154\024\117\123\377\010\137\256\153\143\122\031\174\373\176\374\154\325\377\011}{chapter.3.5}% 207
\BOOKMARK [1][]{section.3.5.7}{\376\377\164\006\140\363\154\024\117\123\377\010\153\143\122\031\174\373\133\227\154\325\377\011}{chapter.3.5}% 208
\BOOKMARK [1][]{section.3.5.8}{\376\377\164\006\140\363\154\024\117\123\377\010\135\350\153\143\122\031\174\373\176\374\154\325\377\011}{chapter.3.5}% 209
\BOOKMARK [1][]{section.3.5.9}{\376\377\135\350\153\143\122\031\174\373\176\374\154\325}{chapter.3.5}% 210
\BOOKMARK [1][]{section.3.5.10}{\376\377\221\317\133\120\154\024\117\123\377\010\123\125\200\375\176\247\135\350\153\143\122\031\174\373\176\374\154\325\377\011}{chapter.3.5}% 211
\BOOKMARK [1][]{section.3.5.11}{\376\377\221\317\133\120\154\024\117\123\377\010\135\350\153\143\122\031\174\373\133\227\377\011}{chapter.3.5}% 212
\BOOKMARK [1][]{section.3.5.12}{\376\377\162\151\164\006\133\146\136\070\145\160\133\232\116\111}{chapter.3.5}% 213
\BOOKMARK [-1][]{part.4}{\376\377\173\054\126\333\220\350\122\006\000\040\134\017\145\366\162\151\164\006\173\024\213\260}{}% 214
\BOOKMARK [0][]{section.4.0.1}{\376\377\165\065\170\301\127\072\211\322\122\250\221\317\122\006\211\343}{part.4}% 215
\BOOKMARK [1][]{section.4.0.2}{\376\377\146\166\117\123\210\115\134\004}{section.4.0.1}% 216
\BOOKMARK [1][]{section.4.0.3}{\376\377\000H\000a\000r\000t\000r\000e\000e\000-\000F\000o\000r\000k\000\040\145\271\154\325}{section.4.0.1}% 217
\BOOKMARK [1][]{section.4.0.4}{\376\377\147\054\116\146\150\074\137\017\211\304\203\003}{section.4.0.1}% 218
