\BOOKMARK [2][]{subsection.0.0.0.1}{\376\377\0001\000.\121\205\133\271}{}% 1
\BOOKMARK [2][]{subsection.0.0.0.2}{\376\377\0002\000.\176\323\147\204\124\214\162\171\160\271}{}% 2
\BOOKMARK [2][]{subsection.0.0.0.3}{\376\377\0004\000.\146\364\145\260}{}% 3
\BOOKMARK [2][]{subsection.0.0.0.4}{\376\377\162\151\164\006\133\146\164\006\213\272\166\204\123\357\213\301\117\052\140\047}{}% 4
\BOOKMARK [2][]{subsection.0.0.0.5}{\376\377\162\151\164\006\164\006\213\272\166\204\220\002\165\050\203\003\126\364\000\040\176\317\121\170\122\233\133\146\166\204\116\367\120\074}{}% 5
\BOOKMARK [-1][]{part.1}{\376\377\173\054\116\000\220\350\122\006\000\040\145\160\133\146}{}% 6
\BOOKMARK [0][]{chapter.1.1}{\376\377\145\160\133\146\142\376\220\127}{part.1}% 7
\BOOKMARK [1][]{section.1.1.1}{\376\377\116\214\230\171\137\017\133\232\164\006}{chapter.1.1}% 8
\BOOKMARK [1][]{section.1.1.2}{\376\377\116\214\230\171\137\017\133\232\164\006\377\010\227\136\145\164\145\160\136\102\377\011}{chapter.1.1}% 9
\BOOKMARK [1][]{section.1.1.3}{\376\377\116\011\211\322\140\122\173\111\137\017}{chapter.1.1}% 10
\BOOKMARK [1][]{section.1.1.4}{\376\377\121\105\122\006\137\305\211\201\147\141\116\366}{chapter.1.1}% 11
\BOOKMARK [1][]{section.1.1.5}{\376\377\147\201\127\120\150\007\174\373}{chapter.1.1}% 12
\BOOKMARK [1][]{section.1.1.6}{\376\377\147\361\127\120\150\007\174\373}{chapter.1.1}% 13
\BOOKMARK [1][]{section.1.1.7}{\376\377\164\003\127\120\150\007\174\373}{chapter.1.1}% 14
\BOOKMARK [1][]{section.1.1.8}{\376\377\164\003\127\120\150\007\116\016\166\364\211\322\127\120\150\007\166\204\217\154\143\142}{chapter.1.1}% 15
\BOOKMARK [1][]{section.1.1.9}{\376\377\127\006\225\045\146\362\176\277\166\204\147\201\127\120\150\007\145\271\172\013}{chapter.1.1}% 16
\BOOKMARK [1][]{section.1.1.10}{\376\377\151\055\127\006\166\204\116\011\171\315\133\232\116\111}{chapter.1.1}% 17
\BOOKMARK [1][]{section.1.1.11}{\376\377\123\314\146\362\176\277\166\204\116\011\171\315\133\232\116\111}{chapter.1.1}% 18
\BOOKMARK [1][]{section.1.1.12}{\376\377\131\015\123\330\121\375\145\160}{chapter.1.1}% 19
\BOOKMARK [1][]{section.1.1.13}{\376\377\143\007\145\160\121\375\145\160\377\010\131\015\145\160\377\011}{chapter.1.1}% 20
\BOOKMARK [1][]{section.1.1.14}{\376\377\116\011\211\322\121\375\145\160\377\010\131\015\145\160\377\011}{chapter.1.1}% 21
\BOOKMARK [0][]{chapter.1.2}{\376\377\116\000\121\103\137\256\171\357\122\006}{part.1}% 22
\BOOKMARK [1][]{section.1.2.1}{\376\377\137\256\171\357\122\006\133\374\202\052}{chapter.1.2}% 23
\BOOKMARK [1][]{section.1.2.2}{\376\377\147\201\226\120}{chapter.1.2}% 24
\BOOKMARK [1][]{section.1.2.3}{\376\377\134\017\211\322\153\143\137\046\147\201\226\120}{chapter.1.2}% 25
\BOOKMARK [1][]{section.1.2.4}{\376\377\201\352\161\066\133\371\145\160\136\225}{chapter.1.2}% 26
\BOOKMARK [1][]{section.1.2.5}{\376\377\122\007\176\277\116\016\122\162\176\277}{chapter.1.2}% 27
\BOOKMARK [1][]{section.1.2.6}{\376\377\133\374\145\160}{chapter.1.2}% 28
\BOOKMARK [1][]{section.1.2.7}{\376\377\154\102\133\374\154\325\122\031}{chapter.1.2}% 29
\BOOKMARK [1][]{section.1.2.8}{\376\377\123\315\121\375\145\160\154\102\133\374}{chapter.1.2}% 30
\BOOKMARK [1][]{section.1.2.9}{\376\377\127\372\147\054\122\035\173\111\121\375\145\160\166\204\133\374\145\160}{chapter.1.2}% 31
\BOOKMARK [1][]{section.1.2.10}{\376\377\133\374\145\160\116\016\121\375\145\160\147\201\120\074}{chapter.1.2}% 32
\BOOKMARK [1][]{section.1.2.11}{\376\377\165\050\147\201\120\074\160\271\170\156\133\232\121\375\145\160\126\376\120\317}{chapter.1.2}% 33
\BOOKMARK [1][]{section.1.2.12}{\376\377\116\000\121\103\121\375\145\160\166\204\137\256\122\006}{chapter.1.2}% 34
\BOOKMARK [1][]{section.1.2.13}{\376\377\116\000\121\103\131\015\124\010\121\375\145\160\154\102\133\374\377\010\224\376\137\017\154\325\122\031\377\011}{chapter.1.2}% 35
\BOOKMARK [1][]{section.1.2.14}{\376\377\154\360\122\322\134\125\137\000}{chapter.1.2}% 36
\BOOKMARK [1][]{section.1.2.15}{\376\377\116\015\133\232\171\357\122\006}{chapter.1.2}% 37
\BOOKMARK [1][]{section.1.2.16}{\376\377\171\357\122\006\210\150}{chapter.1.2}% 38
\BOOKMARK [1][]{section.1.2.17}{\376\377\133\232\171\357\122\006}{chapter.1.2}% 39
\BOOKMARK [1][]{section.1.2.18}{\376\377\162\133\230\177\040\023\203\261\136\003\134\074\121\171\121\154\137\017}{chapter.1.2}% 40
\BOOKMARK [1][]{section.1.2.19}{\376\377\143\142\121\103\171\357\122\006\154\325}{chapter.1.2}% 41
\BOOKMARK [1][]{section.1.2.20}{\376\377\122\006\220\350\171\357\122\006\154\325}{chapter.1.2}% 42
\BOOKMARK [1][]{section.1.2.21}{\376\377\131\032\176\364\164\003\117\123\166\204\117\123\171\357}{chapter.1.2}% 43
\BOOKMARK [1][]{section.1.2.22}{\376\377\116\214\226\066\136\070\174\373\145\160\237\120\153\041\137\256\122\006\145\271\172\013}{chapter.1.2}% 44
\BOOKMARK [1][]{section.1.2.23}{\376\377\116\214\226\066\136\070\174\373\145\160\227\136\237\120\153\041\137\256\122\006\145\271\172\013}{chapter.1.2}% 45
\BOOKMARK [1][]{section.1.2.24}{\376\377\153\143\116\244\121\375\145\160\174\373}{chapter.1.2}% 46
\BOOKMARK [1][]{section.1.2.25}{\376\377\120\205\221\314\123\366\176\247\145\160\377\010\116\011\211\322\377\011}{chapter.1.2}% 47
\BOOKMARK [1][]{section.1.2.26}{\376\377\120\205\221\314\123\366\176\247\145\160\377\010\143\007\145\160\377\011}{chapter.1.2}% 48
\BOOKMARK [1][]{section.1.2.27}{\376\377\120\117\133\374\145\160}{chapter.1.2}% 49
\BOOKMARK [1][]{section.1.2.28}{\376\377\121\150\137\256\122\006}{chapter.1.2}% 50
\BOOKMARK [1][]{section.1.2.29}{\376\377\131\015\124\010\121\375\145\160\166\204\120\117\133\374\000\040\224\376\137\017\154\325\122\031}{chapter.1.2}% 51
\BOOKMARK [1][]{section.1.2.30}{\376\377\121\150\133\374\145\160}{chapter.1.2}% 52
\BOOKMARK [0][]{chapter.1.3}{\376\377\176\277\140\047\116\343\145\160}{part.1}% 53
\BOOKMARK [1][]{section.1.3.1}{\376\377\176\277\140\047\116\343\145\160\133\374\202\052}{chapter.1.3}% 54
\BOOKMARK [1][]{section.1.3.2}{\376\377\121\340\117\125\167\342\221\317}{chapter.1.3}% 55
\BOOKMARK [1][]{section.1.3.3}{\376\377\167\342\221\317\160\271\116\130}{chapter.1.3}% 56
\BOOKMARK [1][]{section.1.3.4}{\376\377\167\342\221\317\123\311\116\130}{chapter.1.3}% 57
\BOOKMARK [1][]{section.1.3.5}{\376\377\167\342\221\317\123\311\116\130\122\006\221\115\137\213\166\204\121\340\117\125\213\301\146\016}{chapter.1.3}% 58
\BOOKMARK [1][]{section.1.3.6}{\376\377\217\336\176\355\123\311\116\130\166\204\123\026\173\200}{chapter.1.3}% 59
\BOOKMARK [1][]{section.1.3.7}{\376\377\116\011\167\342\167\342\171\357}{chapter.1.3}% 60
\BOOKMARK [1][]{section.1.3.8}{\376\377\153\143\116\244\137\122\116\000\127\372}{chapter.1.3}% 61
\BOOKMARK [1][]{section.1.3.9}{\376\377\176\277\140\047\123\330\143\142}{chapter.1.3}% 62
\BOOKMARK [1][]{section.1.3.10}{\376\377\167\351\226\065}{chapter.1.3}% 63
\BOOKMARK [1][]{section.1.3.11}{\376\377\136\163\227\142\145\313\217\154\123\330\143\142}{chapter.1.3}% 64
\BOOKMARK [1][]{section.1.3.12}{\376\377\136\163\227\142\145\313\217\154\167\351\226\065}{chapter.1.3}% 65
\BOOKMARK [1][]{section.1.3.13}{\376\377\210\114\122\027\137\017}{chapter.1.3}% 66
\BOOKMARK [0][]{chapter.1.4}{\376\377\131\032\121\103\137\256\171\357\122\006}{part.1}% 67
\BOOKMARK [1][]{section.1.4.1}{\376\377\167\342\221\317\166\204\133\374\145\160\000\040\154\102\133\374\154\325\122\031}{chapter.1.4}% 68
\BOOKMARK [1][]{section.1.4.2}{\376\377\116\000\121\103\167\342\221\317\121\375\145\160\166\204\171\357\122\006}{chapter.1.4}% 69
\BOOKMARK [1][]{section.1.4.3}{\376\377\145\271\124\021\133\374\145\160}{chapter.1.4}% 70
\BOOKMARK [1][]{section.1.4.4}{\376\377\221\315\171\357\122\006}{chapter.1.4}% 71
\BOOKMARK [1][]{section.1.4.5}{\376\377\167\342\221\317\127\072}{chapter.1.4}% 72
\BOOKMARK [1][]{section.1.4.6}{\376\377\147\201\127\120\150\007\116\055\123\125\117\115\167\342\221\317\166\204\120\117\133\374}{chapter.1.4}% 73
\BOOKMARK [1][]{section.1.4.7}{\376\377\147\201\127\120\150\007\116\055\166\204\167\342\221\317\120\117\133\374}{chapter.1.4}% 74
\BOOKMARK [1][]{section.1.4.8}{\376\377\176\277\171\357\122\006}{chapter.1.4}% 75
\BOOKMARK [1][]{section.1.4.9}{\376\377\150\257\136\246\000\040\150\257\136\246\133\232\164\006}{chapter.1.4}% 76
\BOOKMARK [0][]{chapter.1.5}{\376\377\213\241\173\227\162\151\164\006}{part.1}% 77
\BOOKMARK [1][]{section.1.5.1}{\376\377\213\241\173\227\162\151\164\006\133\374\202\052}{chapter.1.5}% 78
\BOOKMARK [1][]{section.1.5.2}{\376\377\000M\000a\000t\000l\000a\000b\177\026\172\013\127\372\170\100}{chapter.1.5}% 79
\BOOKMARK [1][]{section.1.5.3}{\376\377\116\214\230\171\137\017\133\232\164\006\377\010\227\136\145\164\145\160\377\011\166\204\145\160\120\074\232\214\213\301}{chapter.1.5}% 80
\BOOKMARK [1][]{section.1.5.4}{\376\377\137\071\174\047\143\057\133\120\123\327\217\353\217\320\122\250\166\204\173\200\123\125\145\160\120\074\213\241\173\227}{chapter.1.5}% 81
\BOOKMARK [1][]{section.1.5.5}{\376\377\131\051\117\123\217\320\122\250\166\204\173\200\123\125\145\160\120\074\213\241\173\227}{chapter.1.5}% 82
\BOOKMARK [-1][]{part.2}{\376\377\173\054\116\214\220\350\122\006\000\040\122\233\133\146}{}% 83
\BOOKMARK [0][]{chapter.2.1}{\376\377\215\050\160\271}{part.2}% 84
\BOOKMARK [1][]{section.2.1.1}{\376\377\117\115\177\156\167\342\221\317\000\040\000\040\117\115\171\373}{chapter.2.1}% 85
\BOOKMARK [1][]{section.2.1.2}{\376\377\220\037\136\246\000\040\122\240\220\037\136\246\377\010\116\000\176\364\377\011}{chapter.2.1}% 86
\BOOKMARK [1][]{section.2.1.3}{\376\377\220\037\136\246\000\040\122\240\220\037\136\246}{chapter.2.1}% 87
\BOOKMARK [1][]{section.2.1.4}{\376\377\123\000\220\037\127\006\124\150\217\320\122\250\166\204\220\037\136\246\377\010\121\340\117\125\154\325\377\011}{chapter.2.1}% 88
\BOOKMARK [1][]{section.2.1.5}{\376\377\123\000\220\037\127\006\124\150\217\320\122\250\166\204\220\037\136\246\377\010\154\102\133\374\154\325\377\011}{chapter.2.1}% 89
\BOOKMARK [1][]{section.2.1.6}{\376\377\123\000\220\037\127\006\124\150\217\320\122\250\166\204\122\240\220\037\136\246\377\010\121\340\117\125\154\325\377\011}{chapter.2.1}% 90
\BOOKMARK [1][]{section.2.1.7}{\376\377\123\000\220\037\127\006\124\150\217\320\122\250\166\204\122\240\220\037\136\246\377\010\154\102\133\374\154\325\377\011}{chapter.2.1}% 91
\BOOKMARK [1][]{section.2.1.8}{\376\377\123\000\122\240\220\037\217\320\122\250}{chapter.2.1}% 92
\BOOKMARK [1][]{section.2.1.9}{\376\377\162\133\230\177\217\320\122\250\133\232\137\213\000\040\140\357\140\047\174\373}{chapter.2.1}% 93
\BOOKMARK [1][]{section.2.1.10}{\376\377\122\237\000\040\122\237\163\207}{chapter.2.1}% 94
\BOOKMARK [1][]{section.2.1.11}{\376\377\122\250\200\375\000\040\122\250\200\375\133\232\164\006\377\010\123\125\116\052\215\050\160\271\377\011}{chapter.2.1}% 95
\BOOKMARK [1][]{section.2.1.12}{\376\377\122\233\127\072\000\040\122\277\200\375}{chapter.2.1}% 96
\BOOKMARK [1][]{section.2.1.13}{\376\377\147\072\150\260\200\375\133\210\140\122\377\010\123\125\116\052\215\050\160\271\377\011}{chapter.2.1}% 97
\BOOKMARK [1][]{section.2.1.14}{\376\377\122\250\221\317\000\040\122\250\221\317\133\232\164\006\377\010\123\125\116\052\215\050\160\271\377\011}{chapter.2.1}% 98
\BOOKMARK [1][]{section.2.1.15}{\376\377\211\322\122\250\221\317\133\232\164\006\000\040\211\322\122\250\221\317\133\210\140\122\377\010\123\125\116\052\215\050\160\271\377\011}{chapter.2.1}% 99
\BOOKMARK [1][]{section.2.1.16}{\376\377\173\200\214\020\143\057\133\120}{chapter.2.1}% 100
\BOOKMARK [1][]{section.2.1.17}{\376\377\123\327\226\073\173\200\214\020\143\057\133\120}{chapter.2.1}% 101
\BOOKMARK [1][]{section.2.1.18}{\376\377\140\357\140\047\122\233}{chapter.2.1}% 102
\BOOKMARK [1][]{section.2.1.19}{\376\377\171\273\137\303\122\233}{chapter.2.1}% 103
\BOOKMARK [1][]{section.2.1.20}{\376\377\171\321\221\314\131\145\122\051\122\233}{chapter.2.1}% 104
\BOOKMARK [1][]{section.2.1.21}{\376\377\127\060\164\003\210\150\227\142\166\204\171\321\221\314\131\145\122\051\122\233}{chapter.2.1}% 105
\BOOKMARK [0][]{chapter.2.2}{\376\377\215\050\160\271\174\373\116\016\122\032\117\123}{part.2}% 106
\BOOKMARK [1][]{section.2.2.1}{\376\377\215\050\137\303\000\040\215\050\137\303\174\373}{chapter.2.2}% 107
\BOOKMARK [1][]{section.2.2.2}{\376\377\116\214\117\123\174\373\176\337}{chapter.2.2}% 108
\BOOKMARK [1][]{section.2.2.3}{\376\377\215\050\160\271\174\373\166\204\122\250\221\317}{chapter.2.2}% 109
\BOOKMARK [1][]{section.2.2.4}{\376\377\122\250\221\317\133\232\164\006\000\040\122\250\221\317\133\210\140\122}{chapter.2.2}% 110
\BOOKMARK [1][]{section.2.2.5}{\376\377\215\050\160\271\174\373\166\204\122\250\200\375\000\040\147\357\134\074\211\177\133\232\164\006}{chapter.2.2}% 111
\BOOKMARK [1][]{section.2.2.6}{\376\377\122\233\167\351}{chapter.2.2}% 112
\BOOKMARK [1][]{section.2.2.7}{\376\377\122\032\117\123\166\204\227\131\122\233\136\163\210\141}{chapter.2.2}% 113
\BOOKMARK [1][]{section.2.2.8}{\376\377\211\322\122\250\221\317}{chapter.2.2}% 114
\BOOKMARK [1][]{section.2.2.9}{\376\377\211\322\122\250\221\317\133\232\164\006\000\040\211\322\122\250\221\317\133\210\140\122}{chapter.2.2}% 115
\BOOKMARK [1][]{section.2.2.10}{\376\377\122\032\117\123\166\204\217\154\122\250\000\040\217\154\122\250\140\357\221\317}{chapter.2.2}% 116
\BOOKMARK [1][]{section.2.2.11}{\376\377\136\070\211\301\121\340\117\125\117\123\166\204\217\154\122\250\140\357\221\317}{chapter.2.2}% 117
\BOOKMARK [1][]{section.2.2.12}{\376\377\122\032\117\123\166\204\217\320\122\250\145\271\172\013}{chapter.2.2}% 118
\BOOKMARK [1][]{section.2.2.13}{\376\377\155\156\122\233}{chapter.2.2}% 119
\BOOKMARK [0][]{chapter.2.3}{\376\377\143\057\122\250\116\016\154\342\122\250}{part.2}% 120
\BOOKMARK [1][]{section.2.3.1}{\376\377\136\163\227\142\154\342\166\204\131\015\145\160\210\150\171\072}{chapter.2.3}% 121
\BOOKMARK [0][]{chapter.2.4}{\376\377\131\051\117\123\217\320\122\250\116\016\116\055\137\303\122\233\127\072}{part.2}% 122
\BOOKMARK [1][]{section.2.4.1}{\376\377\116\007\147\011\137\025\122\233\000\040\137\025\122\233\122\277\200\375}{chapter.2.4}% 123
\BOOKMARK [1][]{section.2.4.2}{\376\377\137\000\146\156\122\322\225\356\230\230}{chapter.2.4}% 124
\BOOKMARK [1][]{section.2.4.3}{\376\377\123\315\137\000\146\156\122\322\225\356\230\230}{chapter.2.4}% 125
\BOOKMARK [1][]{section.2.4.4}{\376\377\177\127\164\137\171\217\145\143\134\004}{chapter.2.4}% 126
\BOOKMARK [1][]{section.2.4.5}{\376\377\137\000\146\156\122\322\173\054\116\000\133\232\137\213\166\204\213\301\146\016}{chapter.2.4}% 127
\BOOKMARK [1][]{section.2.4.6}{\376\377\137\000\146\156\122\322\173\054\116\214\133\232\137\213\166\204\213\301\146\016}{chapter.2.4}% 128
\BOOKMARK [1][]{section.2.4.7}{\376\377\137\000\146\156\122\322\173\054\116\011\133\232\137\213\166\204\213\301\146\016}{chapter.2.4}% 129
\BOOKMARK [1][]{section.2.4.8}{\376\377\153\324\200\020\121\154\137\017}{chapter.2.4}% 130
\BOOKMARK [0][]{chapter.2.5}{\376\377\164\006\213\272\122\233\133\146}{part.2}% 131
\BOOKMARK [1][]{section.2.5.1}{\376\377\142\311\150\074\147\027\145\345\145\271\172\013}{chapter.2.5}% 132
\BOOKMARK [1][]{section.2.5.2}{\376\377\124\310\133\306\230\177\123\237\164\006}{chapter.2.5}% 133
\BOOKMARK [1][]{section.2.5.3}{\376\377\162\151\164\006\133\146\136\070\145\160\133\232\116\111}{chapter.2.5}% 134
